[2023-07-25T07:52:10.036+0000] {taskinstance.py:1165} INFO - Dependencies all met for <TaskInstance: example_bash_operator.run_after_loop scheduled__2023-07-24T00:00:00+00:00 [queued]>
[2023-07-25T07:52:10.166+0000] {taskinstance.py:1165} INFO - Dependencies all met for <TaskInstance: example_bash_operator.run_after_loop scheduled__2023-07-24T00:00:00+00:00 [queued]>
[2023-07-25T07:52:10.167+0000] {taskinstance.py:1362} INFO - 
--------------------------------------------------------------------------------
[2023-07-25T07:52:10.167+0000] {taskinstance.py:1363} INFO - Starting attempt 1 of 1
[2023-07-25T07:52:10.168+0000] {taskinstance.py:1364} INFO - 
--------------------------------------------------------------------------------
[2023-07-25T07:52:10.325+0000] {taskinstance.py:1383} INFO - Executing <Task(BashOperator): run_after_loop> on 2023-07-24 00:00:00+00:00
[2023-07-25T07:52:10.369+0000] {standard_task_runner.py:55} INFO - Started process 93 to run task
[2023-07-25T07:52:10.409+0000] {standard_task_runner.py:82} INFO - Running: ['***', 'tasks', 'run', 'example_bash_operator', 'run_after_loop', 'scheduled__2023-07-24T00:00:00+00:00', '--job-id', '20', '--raw', '--subdir', '/home/***/.local/lib/python3.7/site-packages/***/example_dags/example_bash_operator.py', '--cfg-path', '/tmp/tmp4m1bz7j_']
[2023-07-25T07:52:10.424+0000] {standard_task_runner.py:83} INFO - Job 20: Subtask run_after_loop
[2023-07-25T07:52:11.060+0000] {task_command.py:376} INFO - Running <TaskInstance: example_bash_operator.run_after_loop scheduled__2023-07-24T00:00:00+00:00 [running]> on host a5d8cd42d502
[2023-07-25T07:52:12.053+0000] {taskinstance.py:1592} INFO - Exporting the following env vars:
AIRFLOW_CTX_DAG_OWNER=***
AIRFLOW_CTX_DAG_ID=example_bash_operator
AIRFLOW_CTX_TASK_ID=run_after_loop
AIRFLOW_CTX_EXECUTION_DATE=2023-07-24T00:00:00+00:00
AIRFLOW_CTX_TRY_NUMBER=1
AIRFLOW_CTX_DAG_RUN_ID=scheduled__2023-07-24T00:00:00+00:00
[2023-07-25T07:52:12.058+0000] {subprocess.py:63} INFO - Tmp dir root location: 
 /tmp
[2023-07-25T07:52:12.059+0000] {subprocess.py:75} INFO - Running command: ['/bin/bash', '-c', 'echo 1']
[2023-07-25T07:52:12.260+0000] {subprocess.py:86} INFO - Output:
[2023-07-25T07:52:12.277+0000] {subprocess.py:93} INFO - 1
[2023-07-25T07:52:12.278+0000] {subprocess.py:97} INFO - Command exited with return code 0
[2023-07-25T07:52:12.511+0000] {taskinstance.py:1406} INFO - Marking task as SUCCESS. dag_id=example_bash_operator, task_id=run_after_loop, execution_date=20230724T000000, start_date=20230725T075210, end_date=20230725T075212
[2023-07-25T07:52:12.812+0000] {local_task_job.py:164} INFO - Task exited with return code 0
[2023-07-25T07:52:13.073+0000] {local_task_job.py:273} INFO - 0 downstream tasks scheduled from follow-on schedule check
