[2023-07-26T07:16:29.530+0000] {taskinstance.py:1165} INFO - Dependencies all met for <TaskInstance: example_bash_operator.also_run_this scheduled__2023-07-25T00:00:00+00:00 [queued]>
[2023-07-26T07:16:30.073+0000] {taskinstance.py:1165} INFO - Dependencies all met for <TaskInstance: example_bash_operator.also_run_this scheduled__2023-07-25T00:00:00+00:00 [queued]>
[2023-07-26T07:16:30.083+0000] {taskinstance.py:1362} INFO - 
--------------------------------------------------------------------------------
[2023-07-26T07:16:30.083+0000] {taskinstance.py:1363} INFO - Starting attempt 1 of 1
[2023-07-26T07:16:30.088+0000] {taskinstance.py:1364} INFO - 
--------------------------------------------------------------------------------
[2023-07-26T07:16:31.696+0000] {taskinstance.py:1383} INFO - Executing <Task(BashOperator): also_run_this> on 2023-07-25 00:00:00+00:00
[2023-07-26T07:16:32.026+0000] {standard_task_runner.py:55} INFO - Started process 2242 to run task
[2023-07-26T07:16:32.268+0000] {standard_task_runner.py:82} INFO - Running: ['***', 'tasks', 'run', 'example_bash_operator', 'also_run_this', 'scheduled__2023-07-25T00:00:00+00:00', '--job-id', '25', '--raw', '--subdir', '/home/***/.local/lib/python3.7/site-packages/***/example_dags/example_bash_operator.py', '--cfg-path', '/tmp/tmpucc0e83u']
[2023-07-26T07:16:32.268+0000] {standard_task_runner.py:83} INFO - Job 25: Subtask also_run_this
[2023-07-26T07:16:35.655+0000] {task_command.py:376} INFO - Running <TaskInstance: example_bash_operator.also_run_this scheduled__2023-07-25T00:00:00+00:00 [running]> on host a5d8cd42d502
[2023-07-26T07:16:38.295+0000] {taskinstance.py:1592} INFO - Exporting the following env vars:
AIRFLOW_CTX_DAG_OWNER=***
AIRFLOW_CTX_DAG_ID=example_bash_operator
AIRFLOW_CTX_TASK_ID=also_run_this
AIRFLOW_CTX_EXECUTION_DATE=2023-07-25T00:00:00+00:00
AIRFLOW_CTX_TRY_NUMBER=1
AIRFLOW_CTX_DAG_RUN_ID=scheduled__2023-07-25T00:00:00+00:00
[2023-07-26T07:16:38.359+0000] {subprocess.py:63} INFO - Tmp dir root location: 
 /tmp
[2023-07-26T07:16:38.460+0000] {subprocess.py:75} INFO - Running command: ['/bin/bash', '-c', 'echo "ti_key=example_bash_operator__also_run_this__20230725"']
[2023-07-26T07:16:39.069+0000] {subprocess.py:86} INFO - Output:
[2023-07-26T07:16:39.297+0000] {subprocess.py:93} INFO - ti_key=example_bash_operator__also_run_this__20230725
[2023-07-26T07:16:39.299+0000] {subprocess.py:97} INFO - Command exited with return code 0
[2023-07-26T07:16:39.540+0000] {taskinstance.py:1406} INFO - Marking task as SUCCESS. dag_id=example_bash_operator, task_id=also_run_this, execution_date=20230725T000000, start_date=20230726T071629, end_date=20230726T071639
[2023-07-26T07:16:39.966+0000] {local_task_job.py:164} INFO - Task exited with return code 0
[2023-07-26T07:16:40.228+0000] {local_task_job.py:273} INFO - 0 downstream tasks scheduled from follow-on schedule check
