[2023-07-24T11:12:32.999+0000] {taskinstance.py:1165} INFO - Dependencies all met for <TaskInstance: example_bash_operator.runme_2 scheduled__2023-07-23T00:00:00+00:00 [queued]>
[2023-07-24T11:12:33.227+0000] {taskinstance.py:1165} INFO - Dependencies all met for <TaskInstance: example_bash_operator.runme_2 scheduled__2023-07-23T00:00:00+00:00 [queued]>
[2023-07-24T11:12:33.228+0000] {taskinstance.py:1362} INFO - 
--------------------------------------------------------------------------------
[2023-07-24T11:12:33.228+0000] {taskinstance.py:1363} INFO - Starting attempt 1 of 1
[2023-07-24T11:12:33.228+0000] {taskinstance.py:1364} INFO - 
--------------------------------------------------------------------------------
[2023-07-24T11:12:33.370+0000] {taskinstance.py:1383} INFO - Executing <Task(BashOperator): runme_2> on 2023-07-23 00:00:00+00:00
[2023-07-24T11:12:33.418+0000] {standard_task_runner.py:55} INFO - Started process 414 to run task
[2023-07-24T11:12:33.461+0000] {standard_task_runner.py:82} INFO - Running: ['***', 'tasks', 'run', 'example_bash_operator', 'runme_2', 'scheduled__2023-07-23T00:00:00+00:00', '--job-id', '5', '--raw', '--subdir', '/home/***/.local/lib/python3.7/site-packages/***/example_dags/example_bash_operator.py', '--cfg-path', '/tmp/tmpsvszgcq4']
[2023-07-24T11:12:33.462+0000] {standard_task_runner.py:83} INFO - Job 5: Subtask runme_2
[2023-07-24T11:12:34.073+0000] {task_command.py:376} INFO - Running <TaskInstance: example_bash_operator.runme_2 scheduled__2023-07-23T00:00:00+00:00 [running]> on host a5d8cd42d502
[2023-07-24T11:12:35.174+0000] {taskinstance.py:1592} INFO - Exporting the following env vars:
AIRFLOW_CTX_DAG_OWNER=***
AIRFLOW_CTX_DAG_ID=example_bash_operator
AIRFLOW_CTX_TASK_ID=runme_2
AIRFLOW_CTX_EXECUTION_DATE=2023-07-23T00:00:00+00:00
AIRFLOW_CTX_TRY_NUMBER=1
AIRFLOW_CTX_DAG_RUN_ID=scheduled__2023-07-23T00:00:00+00:00
[2023-07-24T11:12:35.234+0000] {subprocess.py:63} INFO - Tmp dir root location: 
 /tmp
[2023-07-24T11:12:35.236+0000] {subprocess.py:75} INFO - Running command: ['/bin/bash', '-c', 'echo "example_bash_operator__runme_2__20230723" && sleep 1']
[2023-07-24T11:12:35.262+0000] {subprocess.py:86} INFO - Output:
[2023-07-24T11:12:35.345+0000] {subprocess.py:93} INFO - example_bash_operator__runme_2__20230723
[2023-07-24T11:12:36.366+0000] {subprocess.py:97} INFO - Command exited with return code 0
[2023-07-24T11:12:36.454+0000] {taskinstance.py:1406} INFO - Marking task as SUCCESS. dag_id=example_bash_operator, task_id=runme_2, execution_date=20230723T000000, start_date=20230724T111233, end_date=20230724T111236
[2023-07-24T11:12:36.722+0000] {local_task_job.py:164} INFO - Task exited with return code 0
[2023-07-24T11:12:36.955+0000] {local_task_job.py:273} INFO - 1 downstream tasks scheduled from follow-on schedule check
