[2023-07-26T09:42:07.134+0000] {taskinstance.py:1165} INFO - Dependencies all met for <TaskInstance: parallel_dag.load_a manual__2023-07-26T09:42:01.201413+00:00 [queued]>
[2023-07-26T09:42:07.186+0000] {taskinstance.py:1165} INFO - Dependencies all met for <TaskInstance: parallel_dag.load_a manual__2023-07-26T09:42:01.201413+00:00 [queued]>
[2023-07-26T09:42:07.186+0000] {taskinstance.py:1362} INFO - 
--------------------------------------------------------------------------------
[2023-07-26T09:42:07.187+0000] {taskinstance.py:1363} INFO - Starting attempt 1 of 1
[2023-07-26T09:42:07.187+0000] {taskinstance.py:1364} INFO - 
--------------------------------------------------------------------------------
[2023-07-26T09:42:07.274+0000] {taskinstance.py:1383} INFO - Executing <Task(BashOperator): load_a> on 2023-07-26 09:42:01.201413+00:00
[2023-07-26T09:42:07.324+0000] {standard_task_runner.py:55} INFO - Started process 200 to run task
[2023-07-26T09:42:07.339+0000] {standard_task_runner.py:82} INFO - Running: ['***', 'tasks', 'run', 'parallel_dag', 'load_a', 'manual__2023-07-26T09:42:01.201413+00:00', '--job-id', '52', '--raw', '--subdir', 'DAGS_FOLDER/parallel_dag.py', '--cfg-path', '/tmp/tmpluw8dh9_']
[2023-07-26T09:42:07.340+0000] {standard_task_runner.py:83} INFO - Job 52: Subtask load_a
[2023-07-26T09:42:07.843+0000] {task_command.py:376} INFO - Running <TaskInstance: parallel_dag.load_a manual__2023-07-26T09:42:01.201413+00:00 [running]> on host 8dee67db767e
[2023-07-26T09:42:08.304+0000] {taskinstance.py:1592} INFO - Exporting the following env vars:
AIRFLOW_CTX_DAG_OWNER=***
AIRFLOW_CTX_DAG_ID=parallel_dag
AIRFLOW_CTX_TASK_ID=load_a
AIRFLOW_CTX_EXECUTION_DATE=2023-07-26T09:42:01.201413+00:00
AIRFLOW_CTX_TRY_NUMBER=1
AIRFLOW_CTX_DAG_RUN_ID=manual__2023-07-26T09:42:01.201413+00:00
[2023-07-26T09:42:08.314+0000] {subprocess.py:63} INFO - Tmp dir root location: 
 /tmp
[2023-07-26T09:42:08.314+0000] {subprocess.py:75} INFO - Running command: ['/bin/bash', '-c', 'sleep 1']
[2023-07-26T09:42:08.367+0000] {subprocess.py:86} INFO - Output:
[2023-07-26T09:42:09.380+0000] {subprocess.py:97} INFO - Command exited with return code 0
[2023-07-26T09:42:09.421+0000] {taskinstance.py:1406} INFO - Marking task as SUCCESS. dag_id=parallel_dag, task_id=load_a, execution_date=20230726T094201, start_date=20230726T094207, end_date=20230726T094209
[2023-07-26T09:42:09.453+0000] {local_task_job.py:164} INFO - Task exited with return code 0
[2023-07-26T09:42:09.486+0000] {local_task_job.py:273} INFO - 1 downstream tasks scheduled from follow-on schedule check
