[2023-07-25T07:51:53.047+0000] {taskinstance.py:1165} INFO - Dependencies all met for <TaskInstance: example_bash_operator.runme_0 scheduled__2023-07-24T00:00:00+00:00 [queued]>
[2023-07-25T07:51:53.118+0000] {taskinstance.py:1165} INFO - Dependencies all met for <TaskInstance: example_bash_operator.runme_0 scheduled__2023-07-24T00:00:00+00:00 [queued]>
[2023-07-25T07:51:53.125+0000] {taskinstance.py:1362} INFO - 
--------------------------------------------------------------------------------
[2023-07-25T07:51:53.150+0000] {taskinstance.py:1363} INFO - Starting attempt 1 of 1
[2023-07-25T07:51:53.150+0000] {taskinstance.py:1364} INFO - 
--------------------------------------------------------------------------------
[2023-07-25T07:51:53.446+0000] {taskinstance.py:1383} INFO - Executing <Task(BashOperator): runme_0> on 2023-07-24 00:00:00+00:00
[2023-07-25T07:51:53.453+0000] {standard_task_runner.py:55} INFO - Started process 74 to run task
[2023-07-25T07:51:53.653+0000] {standard_task_runner.py:82} INFO - Running: ['***', 'tasks', 'run', 'example_bash_operator', 'runme_0', 'scheduled__2023-07-24T00:00:00+00:00', '--job-id', '16', '--raw', '--subdir', '/home/***/.local/lib/python3.7/site-packages/***/example_dags/example_bash_operator.py', '--cfg-path', '/tmp/tmp7cpvcljo']
[2023-07-25T07:51:53.654+0000] {standard_task_runner.py:83} INFO - Job 16: Subtask runme_0
[2023-07-25T07:51:54.750+0000] {task_command.py:376} INFO - Running <TaskInstance: example_bash_operator.runme_0 scheduled__2023-07-24T00:00:00+00:00 [running]> on host a5d8cd42d502
[2023-07-25T07:51:56.530+0000] {taskinstance.py:1592} INFO - Exporting the following env vars:
AIRFLOW_CTX_DAG_OWNER=***
AIRFLOW_CTX_DAG_ID=example_bash_operator
AIRFLOW_CTX_TASK_ID=runme_0
AIRFLOW_CTX_EXECUTION_DATE=2023-07-24T00:00:00+00:00
AIRFLOW_CTX_TRY_NUMBER=1
AIRFLOW_CTX_DAG_RUN_ID=scheduled__2023-07-24T00:00:00+00:00
[2023-07-25T07:51:56.532+0000] {subprocess.py:63} INFO - Tmp dir root location: 
 /tmp
[2023-07-25T07:51:56.533+0000] {subprocess.py:75} INFO - Running command: ['/bin/bash', '-c', 'echo "example_bash_operator__runme_0__20230724" && sleep 1']
[2023-07-25T07:51:57.087+0000] {subprocess.py:86} INFO - Output:
[2023-07-25T07:51:57.147+0000] {subprocess.py:93} INFO - example_bash_operator__runme_0__20230724
[2023-07-25T07:51:58.163+0000] {subprocess.py:97} INFO - Command exited with return code 0
[2023-07-25T07:51:58.715+0000] {taskinstance.py:1406} INFO - Marking task as SUCCESS. dag_id=example_bash_operator, task_id=runme_0, execution_date=20230724T000000, start_date=20230725T075153, end_date=20230725T075158
[2023-07-25T07:51:59.073+0000] {local_task_job.py:164} INFO - Task exited with return code 0
[2023-07-25T07:51:59.315+0000] {local_task_job.py:273} INFO - 0 downstream tasks scheduled from follow-on schedule check
