[2023-07-26T09:42:03.656+0000] {taskinstance.py:1165} INFO - Dependencies all met for <TaskInstance: parallel_dag.extract_b manual__2023-07-26T09:42:01.201413+00:00 [queued]>
[2023-07-26T09:42:03.686+0000] {taskinstance.py:1165} INFO - Dependencies all met for <TaskInstance: parallel_dag.extract_b manual__2023-07-26T09:42:01.201413+00:00 [queued]>
[2023-07-26T09:42:03.686+0000] {taskinstance.py:1362} INFO - 
--------------------------------------------------------------------------------
[2023-07-26T09:42:03.687+0000] {taskinstance.py:1363} INFO - Starting attempt 1 of 1
[2023-07-26T09:42:03.687+0000] {taskinstance.py:1364} INFO - 
--------------------------------------------------------------------------------
[2023-07-26T09:42:03.736+0000] {taskinstance.py:1383} INFO - Executing <Task(BashOperator): extract_b> on 2023-07-26 09:42:01.201413+00:00
[2023-07-26T09:42:03.750+0000] {standard_task_runner.py:55} INFO - Started process 187 to run task
[2023-07-26T09:42:03.754+0000] {standard_task_runner.py:82} INFO - Running: ['***', 'tasks', 'run', 'parallel_dag', 'extract_b', 'manual__2023-07-26T09:42:01.201413+00:00', '--job-id', '49', '--raw', '--subdir', 'DAGS_FOLDER/parallel_dag.py', '--cfg-path', '/tmp/tmp0fnim2ye']
[2023-07-26T09:42:03.755+0000] {standard_task_runner.py:83} INFO - Job 49: Subtask extract_b
[2023-07-26T09:42:03.895+0000] {task_command.py:376} INFO - Running <TaskInstance: parallel_dag.extract_b manual__2023-07-26T09:42:01.201413+00:00 [running]> on host 8dee67db767e
[2023-07-26T09:42:04.091+0000] {taskinstance.py:1592} INFO - Exporting the following env vars:
AIRFLOW_CTX_DAG_OWNER=***
AIRFLOW_CTX_DAG_ID=parallel_dag
AIRFLOW_CTX_TASK_ID=extract_b
AIRFLOW_CTX_EXECUTION_DATE=2023-07-26T09:42:01.201413+00:00
AIRFLOW_CTX_TRY_NUMBER=1
AIRFLOW_CTX_DAG_RUN_ID=manual__2023-07-26T09:42:01.201413+00:00
[2023-07-26T09:42:04.121+0000] {subprocess.py:63} INFO - Tmp dir root location: 
 /tmp
[2023-07-26T09:42:04.122+0000] {subprocess.py:75} INFO - Running command: ['/bin/bash', '-c', 'sleep 1']
[2023-07-26T09:42:04.245+0000] {subprocess.py:86} INFO - Output:
[2023-07-26T09:42:05.265+0000] {subprocess.py:97} INFO - Command exited with return code 0
[2023-07-26T09:42:05.316+0000] {taskinstance.py:1406} INFO - Marking task as SUCCESS. dag_id=parallel_dag, task_id=extract_b, execution_date=20230726T094201, start_date=20230726T094203, end_date=20230726T094205
[2023-07-26T09:42:05.384+0000] {local_task_job.py:164} INFO - Task exited with return code 0
[2023-07-26T09:42:05.487+0000] {local_task_job.py:273} INFO - 0 downstream tasks scheduled from follow-on schedule check
