[2023-07-26T07:16:15.255+0000] {taskinstance.py:1165} INFO - Dependencies all met for <TaskInstance: example_bash_operator.runme_0 scheduled__2023-07-25T00:00:00+00:00 [queued]>
[2023-07-26T07:16:15.575+0000] {taskinstance.py:1165} INFO - Dependencies all met for <TaskInstance: example_bash_operator.runme_0 scheduled__2023-07-25T00:00:00+00:00 [queued]>
[2023-07-26T07:16:15.591+0000] {taskinstance.py:1362} INFO - 
--------------------------------------------------------------------------------
[2023-07-26T07:16:15.593+0000] {taskinstance.py:1363} INFO - Starting attempt 1 of 1
[2023-07-26T07:16:15.594+0000] {taskinstance.py:1364} INFO - 
--------------------------------------------------------------------------------
[2023-07-26T07:16:15.881+0000] {taskinstance.py:1383} INFO - Executing <Task(BashOperator): runme_0> on 2023-07-25 00:00:00+00:00
[2023-07-26T07:16:15.971+0000] {standard_task_runner.py:55} INFO - Started process 2228 to run task
[2023-07-26T07:16:16.126+0000] {standard_task_runner.py:82} INFO - Running: ['***', 'tasks', 'run', 'example_bash_operator', 'runme_0', 'scheduled__2023-07-25T00:00:00+00:00', '--job-id', '24', '--raw', '--subdir', '/home/***/.local/lib/python3.7/site-packages/***/example_dags/example_bash_operator.py', '--cfg-path', '/tmp/tmpxke41oxc']
[2023-07-26T07:16:16.127+0000] {standard_task_runner.py:83} INFO - Job 24: Subtask runme_0
[2023-07-26T07:16:18.021+0000] {task_command.py:376} INFO - Running <TaskInstance: example_bash_operator.runme_0 scheduled__2023-07-25T00:00:00+00:00 [running]> on host a5d8cd42d502
[2023-07-26T07:16:24.160+0000] {taskinstance.py:1592} INFO - Exporting the following env vars:
AIRFLOW_CTX_DAG_OWNER=***
AIRFLOW_CTX_DAG_ID=example_bash_operator
AIRFLOW_CTX_TASK_ID=runme_0
AIRFLOW_CTX_EXECUTION_DATE=2023-07-25T00:00:00+00:00
AIRFLOW_CTX_TRY_NUMBER=1
AIRFLOW_CTX_DAG_RUN_ID=scheduled__2023-07-25T00:00:00+00:00
[2023-07-26T07:16:25.075+0000] {subprocess.py:63} INFO - Tmp dir root location: 
 /tmp
[2023-07-26T07:16:25.192+0000] {subprocess.py:75} INFO - Running command: ['/bin/bash', '-c', 'echo "example_bash_operator__runme_0__20230725" && sleep 1']
[2023-07-26T07:16:26.553+0000] {subprocess.py:86} INFO - Output:
[2023-07-26T07:16:28.673+0000] {subprocess.py:93} INFO - example_bash_operator__runme_0__20230725
[2023-07-26T07:16:31.253+0000] {subprocess.py:97} INFO - Command exited with return code 0
[2023-07-26T07:16:32.098+0000] {taskinstance.py:1406} INFO - Marking task as SUCCESS. dag_id=example_bash_operator, task_id=runme_0, execution_date=20230725T000000, start_date=20230726T071615, end_date=20230726T071632
[2023-07-26T07:16:33.389+0000] {local_task_job.py:164} INFO - Task exited with return code 0
[2023-07-26T07:16:34.901+0000] {local_task_job.py:273} INFO - 0 downstream tasks scheduled from follow-on schedule check
