[2023-07-26T09:42:06.605+0000] {taskinstance.py:1165} INFO - Dependencies all met for <TaskInstance: parallel_dag.load_b manual__2023-07-26T09:42:01.201413+00:00 [queued]>
[2023-07-26T09:42:06.630+0000] {taskinstance.py:1165} INFO - Dependencies all met for <TaskInstance: parallel_dag.load_b manual__2023-07-26T09:42:01.201413+00:00 [queued]>
[2023-07-26T09:42:06.631+0000] {taskinstance.py:1362} INFO - 
--------------------------------------------------------------------------------
[2023-07-26T09:42:06.631+0000] {taskinstance.py:1363} INFO - Starting attempt 1 of 1
[2023-07-26T09:42:06.631+0000] {taskinstance.py:1364} INFO - 
--------------------------------------------------------------------------------
[2023-07-26T09:42:06.659+0000] {taskinstance.py:1383} INFO - Executing <Task(BashOperator): load_b> on 2023-07-26 09:42:01.201413+00:00
[2023-07-26T09:42:06.674+0000] {standard_task_runner.py:55} INFO - Started process 199 to run task
[2023-07-26T09:42:06.685+0000] {standard_task_runner.py:82} INFO - Running: ['***', 'tasks', 'run', 'parallel_dag', 'load_b', 'manual__2023-07-26T09:42:01.201413+00:00', '--job-id', '51', '--raw', '--subdir', 'DAGS_FOLDER/parallel_dag.py', '--cfg-path', '/tmp/tmpk0z_qoda']
[2023-07-26T09:42:06.686+0000] {standard_task_runner.py:83} INFO - Job 51: Subtask load_b
[2023-07-26T09:42:07.087+0000] {task_command.py:376} INFO - Running <TaskInstance: parallel_dag.load_b manual__2023-07-26T09:42:01.201413+00:00 [running]> on host 8dee67db767e
[2023-07-26T09:42:07.456+0000] {taskinstance.py:1592} INFO - Exporting the following env vars:
AIRFLOW_CTX_DAG_OWNER=***
AIRFLOW_CTX_DAG_ID=parallel_dag
AIRFLOW_CTX_TASK_ID=load_b
AIRFLOW_CTX_EXECUTION_DATE=2023-07-26T09:42:01.201413+00:00
AIRFLOW_CTX_TRY_NUMBER=1
AIRFLOW_CTX_DAG_RUN_ID=manual__2023-07-26T09:42:01.201413+00:00
[2023-07-26T09:42:07.461+0000] {subprocess.py:63} INFO - Tmp dir root location: 
 /tmp
[2023-07-26T09:42:07.463+0000] {subprocess.py:75} INFO - Running command: ['/bin/bash', '-c', 'sleep 1']
[2023-07-26T09:42:07.498+0000] {subprocess.py:86} INFO - Output:
[2023-07-26T09:42:08.514+0000] {subprocess.py:97} INFO - Command exited with return code 0
[2023-07-26T09:42:08.605+0000] {taskinstance.py:1406} INFO - Marking task as SUCCESS. dag_id=parallel_dag, task_id=load_b, execution_date=20230726T094201, start_date=20230726T094206, end_date=20230726T094208
[2023-07-26T09:42:08.741+0000] {local_task_job.py:164} INFO - Task exited with return code 0
[2023-07-26T09:42:08.852+0000] {local_task_job.py:273} INFO - 0 downstream tasks scheduled from follow-on schedule check
