[2023-07-26T09:35:34.708+0000] {taskinstance.py:1165} INFO - Dependencies all met for <TaskInstance: parallel_dag.extract_a scheduled__2023-07-25T00:00:00+00:00 [queued]>
[2023-07-26T09:35:34.735+0000] {taskinstance.py:1165} INFO - Dependencies all met for <TaskInstance: parallel_dag.extract_a scheduled__2023-07-25T00:00:00+00:00 [queued]>
[2023-07-26T09:35:34.736+0000] {taskinstance.py:1362} INFO - 
--------------------------------------------------------------------------------
[2023-07-26T09:35:34.736+0000] {taskinstance.py:1363} INFO - Starting attempt 1 of 1
[2023-07-26T09:35:34.736+0000] {taskinstance.py:1364} INFO - 
--------------------------------------------------------------------------------
[2023-07-26T09:35:34.762+0000] {taskinstance.py:1383} INFO - Executing <Task(BashOperator): extract_a> on 2023-07-25 00:00:00+00:00
[2023-07-26T09:35:34.769+0000] {standard_task_runner.py:55} INFO - Started process 784 to run task
[2023-07-26T09:35:34.776+0000] {standard_task_runner.py:82} INFO - Running: ['***', 'tasks', 'run', 'parallel_dag', 'extract_a', 'scheduled__2023-07-25T00:00:00+00:00', '--job-id', '35', '--raw', '--subdir', 'DAGS_FOLDER/parallel_dag.py', '--cfg-path', '/tmp/tmp539qho_r']
[2023-07-26T09:35:34.776+0000] {standard_task_runner.py:83} INFO - Job 35: Subtask extract_a
[2023-07-26T09:35:34.857+0000] {task_command.py:376} INFO - Running <TaskInstance: parallel_dag.extract_a scheduled__2023-07-25T00:00:00+00:00 [running]> on host 77d43041e042
[2023-07-26T09:35:34.966+0000] {taskinstance.py:1592} INFO - Exporting the following env vars:
AIRFLOW_CTX_DAG_OWNER=***
AIRFLOW_CTX_DAG_ID=parallel_dag
AIRFLOW_CTX_TASK_ID=extract_a
AIRFLOW_CTX_EXECUTION_DATE=2023-07-25T00:00:00+00:00
AIRFLOW_CTX_TRY_NUMBER=1
AIRFLOW_CTX_DAG_RUN_ID=scheduled__2023-07-25T00:00:00+00:00
[2023-07-26T09:35:34.991+0000] {subprocess.py:63} INFO - Tmp dir root location: 
 /tmp
[2023-07-26T09:35:34.992+0000] {subprocess.py:75} INFO - Running command: ['/bin/bash', '-c', 'sleep 1']
[2023-07-26T09:35:35.035+0000] {subprocess.py:86} INFO - Output:
[2023-07-26T09:35:36.043+0000] {subprocess.py:97} INFO - Command exited with return code 0
[2023-07-26T09:35:36.157+0000] {taskinstance.py:1406} INFO - Marking task as SUCCESS. dag_id=parallel_dag, task_id=extract_a, execution_date=20230725T000000, start_date=20230726T093534, end_date=20230726T093536
[2023-07-26T09:35:36.237+0000] {local_task_job.py:164} INFO - Task exited with return code 0
[2023-07-26T09:35:36.301+0000] {local_task_job.py:273} INFO - 1 downstream tasks scheduled from follow-on schedule check
