[2023-07-26T09:35:45.352+0000] {taskinstance.py:1165} INFO - Dependencies all met for <TaskInstance: parallel_dag.load_a manual__2023-07-26T09:35:38.931055+00:00 [queued]>
[2023-07-26T09:35:45.380+0000] {taskinstance.py:1165} INFO - Dependencies all met for <TaskInstance: parallel_dag.load_a manual__2023-07-26T09:35:38.931055+00:00 [queued]>
[2023-07-26T09:35:45.381+0000] {taskinstance.py:1362} INFO - 
--------------------------------------------------------------------------------
[2023-07-26T09:35:45.381+0000] {taskinstance.py:1363} INFO - Starting attempt 1 of 1
[2023-07-26T09:35:45.381+0000] {taskinstance.py:1364} INFO - 
--------------------------------------------------------------------------------
[2023-07-26T09:35:45.402+0000] {taskinstance.py:1383} INFO - Executing <Task(BashOperator): load_a> on 2023-07-26 09:35:38.931055+00:00
[2023-07-26T09:35:45.408+0000] {standard_task_runner.py:55} INFO - Started process 804 to run task
[2023-07-26T09:35:45.414+0000] {standard_task_runner.py:82} INFO - Running: ['***', 'tasks', 'run', 'parallel_dag', 'load_a', 'manual__2023-07-26T09:35:38.931055+00:00', '--job-id', '42', '--raw', '--subdir', 'DAGS_FOLDER/parallel_dag.py', '--cfg-path', '/tmp/tmpq7uao64h']
[2023-07-26T09:35:45.415+0000] {standard_task_runner.py:83} INFO - Job 42: Subtask load_a
[2023-07-26T09:35:45.524+0000] {task_command.py:376} INFO - Running <TaskInstance: parallel_dag.load_a manual__2023-07-26T09:35:38.931055+00:00 [running]> on host 77d43041e042
[2023-07-26T09:35:45.643+0000] {taskinstance.py:1592} INFO - Exporting the following env vars:
AIRFLOW_CTX_DAG_OWNER=***
AIRFLOW_CTX_DAG_ID=parallel_dag
AIRFLOW_CTX_TASK_ID=load_a
AIRFLOW_CTX_EXECUTION_DATE=2023-07-26T09:35:38.931055+00:00
AIRFLOW_CTX_TRY_NUMBER=1
AIRFLOW_CTX_DAG_RUN_ID=manual__2023-07-26T09:35:38.931055+00:00
[2023-07-26T09:35:45.647+0000] {subprocess.py:63} INFO - Tmp dir root location: 
 /tmp
[2023-07-26T09:35:45.648+0000] {subprocess.py:75} INFO - Running command: ['/bin/bash', '-c', 'sleep 1']
[2023-07-26T09:35:45.684+0000] {subprocess.py:86} INFO - Output:
[2023-07-26T09:35:46.694+0000] {subprocess.py:97} INFO - Command exited with return code 0
[2023-07-26T09:35:46.746+0000] {taskinstance.py:1406} INFO - Marking task as SUCCESS. dag_id=parallel_dag, task_id=load_a, execution_date=20230726T093538, start_date=20230726T093545, end_date=20230726T093546
[2023-07-26T09:35:46.814+0000] {local_task_job.py:164} INFO - Task exited with return code 0
[2023-07-26T09:35:46.849+0000] {local_task_job.py:273} INFO - 0 downstream tasks scheduled from follow-on schedule check
