[2023-07-26T09:35:46.756+0000] {taskinstance.py:1165} INFO - Dependencies all met for <TaskInstance: parallel_dag.load_b manual__2023-07-26T09:35:38.931055+00:00 [queued]>
[2023-07-26T09:35:46.769+0000] {taskinstance.py:1165} INFO - Dependencies all met for <TaskInstance: parallel_dag.load_b manual__2023-07-26T09:35:38.931055+00:00 [queued]>
[2023-07-26T09:35:46.769+0000] {taskinstance.py:1362} INFO - 
--------------------------------------------------------------------------------
[2023-07-26T09:35:46.769+0000] {taskinstance.py:1363} INFO - Starting attempt 1 of 1
[2023-07-26T09:35:46.769+0000] {taskinstance.py:1364} INFO - 
--------------------------------------------------------------------------------
[2023-07-26T09:35:46.786+0000] {taskinstance.py:1383} INFO - Executing <Task(BashOperator): load_b> on 2023-07-26 09:35:38.931055+00:00
[2023-07-26T09:35:46.794+0000] {standard_task_runner.py:55} INFO - Started process 816 to run task
[2023-07-26T09:35:46.798+0000] {standard_task_runner.py:82} INFO - Running: ['***', 'tasks', 'run', 'parallel_dag', 'load_b', 'manual__2023-07-26T09:35:38.931055+00:00', '--job-id', '43', '--raw', '--subdir', 'DAGS_FOLDER/parallel_dag.py', '--cfg-path', '/tmp/tmpw5jv96c6']
[2023-07-26T09:35:46.799+0000] {standard_task_runner.py:83} INFO - Job 43: Subtask load_b
[2023-07-26T09:35:46.906+0000] {task_command.py:376} INFO - Running <TaskInstance: parallel_dag.load_b manual__2023-07-26T09:35:38.931055+00:00 [running]> on host 77d43041e042
[2023-07-26T09:35:46.990+0000] {taskinstance.py:1592} INFO - Exporting the following env vars:
AIRFLOW_CTX_DAG_OWNER=***
AIRFLOW_CTX_DAG_ID=parallel_dag
AIRFLOW_CTX_TASK_ID=load_b
AIRFLOW_CTX_EXECUTION_DATE=2023-07-26T09:35:38.931055+00:00
AIRFLOW_CTX_TRY_NUMBER=1
AIRFLOW_CTX_DAG_RUN_ID=manual__2023-07-26T09:35:38.931055+00:00
[2023-07-26T09:35:46.991+0000] {subprocess.py:63} INFO - Tmp dir root location: 
 /tmp
[2023-07-26T09:35:46.991+0000] {subprocess.py:75} INFO - Running command: ['/bin/bash', '-c', 'sleep 1']
[2023-07-26T09:35:47.008+0000] {subprocess.py:86} INFO - Output:
[2023-07-26T09:35:48.015+0000] {subprocess.py:97} INFO - Command exited with return code 0
[2023-07-26T09:35:48.090+0000] {taskinstance.py:1406} INFO - Marking task as SUCCESS. dag_id=parallel_dag, task_id=load_b, execution_date=20230726T093538, start_date=20230726T093546, end_date=20230726T093548
[2023-07-26T09:35:48.153+0000] {local_task_job.py:164} INFO - Task exited with return code 0
[2023-07-26T09:35:48.201+0000] {local_task_job.py:273} INFO - 1 downstream tasks scheduled from follow-on schedule check
