[2023-07-26T09:42:11.027+0000] {taskinstance.py:1165} INFO - Dependencies all met for <TaskInstance: parallel_dag.transform manual__2023-07-26T09:42:01.201413+00:00 [queued]>
[2023-07-26T09:42:11.038+0000] {taskinstance.py:1165} INFO - Dependencies all met for <TaskInstance: parallel_dag.transform manual__2023-07-26T09:42:01.201413+00:00 [queued]>
[2023-07-26T09:42:11.038+0000] {taskinstance.py:1362} INFO - 
--------------------------------------------------------------------------------
[2023-07-26T09:42:11.038+0000] {taskinstance.py:1363} INFO - Starting attempt 1 of 1
[2023-07-26T09:42:11.039+0000] {taskinstance.py:1364} INFO - 
--------------------------------------------------------------------------------
[2023-07-26T09:42:11.052+0000] {taskinstance.py:1383} INFO - Executing <Task(BashOperator): transform> on 2023-07-26 09:42:01.201413+00:00
[2023-07-26T09:42:11.059+0000] {standard_task_runner.py:55} INFO - Started process 206 to run task
[2023-07-26T09:42:11.065+0000] {standard_task_runner.py:82} INFO - Running: ['***', 'tasks', 'run', 'parallel_dag', 'transform', 'manual__2023-07-26T09:42:01.201413+00:00', '--job-id', '53', '--raw', '--subdir', 'DAGS_FOLDER/parallel_dag.py', '--cfg-path', '/tmp/tmpnrkewi1p']
[2023-07-26T09:42:11.066+0000] {standard_task_runner.py:83} INFO - Job 53: Subtask transform
[2023-07-26T09:42:11.180+0000] {task_command.py:376} INFO - Running <TaskInstance: parallel_dag.transform manual__2023-07-26T09:42:01.201413+00:00 [running]> on host 8dee67db767e
[2023-07-26T09:42:11.252+0000] {taskinstance.py:1592} INFO - Exporting the following env vars:
AIRFLOW_CTX_DAG_OWNER=***
AIRFLOW_CTX_DAG_ID=parallel_dag
AIRFLOW_CTX_TASK_ID=transform
AIRFLOW_CTX_EXECUTION_DATE=2023-07-26T09:42:01.201413+00:00
AIRFLOW_CTX_TRY_NUMBER=1
AIRFLOW_CTX_DAG_RUN_ID=manual__2023-07-26T09:42:01.201413+00:00
[2023-07-26T09:42:11.253+0000] {subprocess.py:63} INFO - Tmp dir root location: 
 /tmp
[2023-07-26T09:42:11.254+0000] {subprocess.py:75} INFO - Running command: ['/bin/bash', '-c', 'sleep 1']
[2023-07-26T09:42:11.270+0000] {subprocess.py:86} INFO - Output:
[2023-07-26T09:42:12.274+0000] {subprocess.py:97} INFO - Command exited with return code 0
[2023-07-26T09:42:12.348+0000] {taskinstance.py:1406} INFO - Marking task as SUCCESS. dag_id=parallel_dag, task_id=transform, execution_date=20230726T094201, start_date=20230726T094211, end_date=20230726T094212
[2023-07-26T09:42:12.411+0000] {local_task_job.py:164} INFO - Task exited with return code 0
[2023-07-26T09:42:12.448+0000] {local_task_job.py:273} INFO - 0 downstream tasks scheduled from follow-on schedule check
