[2023-07-26T07:16:15.571+0000] {taskinstance.py:1165} INFO - Dependencies all met for <TaskInstance: example_bash_operator.runme_1 scheduled__2023-07-25T00:00:00+00:00 [queued]>
[2023-07-26T07:16:15.906+0000] {taskinstance.py:1165} INFO - Dependencies all met for <TaskInstance: example_bash_operator.runme_1 scheduled__2023-07-25T00:00:00+00:00 [queued]>
[2023-07-26T07:16:15.906+0000] {taskinstance.py:1362} INFO - 
--------------------------------------------------------------------------------
[2023-07-26T07:16:15.907+0000] {taskinstance.py:1363} INFO - Starting attempt 1 of 1
[2023-07-26T07:16:15.907+0000] {taskinstance.py:1364} INFO - 
--------------------------------------------------------------------------------
[2023-07-26T07:16:15.969+0000] {taskinstance.py:1383} INFO - Executing <Task(BashOperator): runme_1> on 2023-07-25 00:00:00+00:00
[2023-07-26T07:16:15.989+0000] {standard_task_runner.py:55} INFO - Started process 2229 to run task
[2023-07-26T07:16:16.020+0000] {standard_task_runner.py:82} INFO - Running: ['***', 'tasks', 'run', 'example_bash_operator', 'runme_1', 'scheduled__2023-07-25T00:00:00+00:00', '--job-id', '23', '--raw', '--subdir', '/home/***/.local/lib/python3.7/site-packages/***/example_dags/example_bash_operator.py', '--cfg-path', '/tmp/tmp92i8h507']
[2023-07-26T07:16:16.040+0000] {standard_task_runner.py:83} INFO - Job 23: Subtask runme_1
[2023-07-26T07:16:16.930+0000] {task_command.py:376} INFO - Running <TaskInstance: example_bash_operator.runme_1 scheduled__2023-07-25T00:00:00+00:00 [running]> on host a5d8cd42d502
[2023-07-26T07:16:19.706+0000] {taskinstance.py:1592} INFO - Exporting the following env vars:
AIRFLOW_CTX_DAG_OWNER=***
AIRFLOW_CTX_DAG_ID=example_bash_operator
AIRFLOW_CTX_TASK_ID=runme_1
AIRFLOW_CTX_EXECUTION_DATE=2023-07-25T00:00:00+00:00
AIRFLOW_CTX_TRY_NUMBER=1
AIRFLOW_CTX_DAG_RUN_ID=scheduled__2023-07-25T00:00:00+00:00
[2023-07-26T07:16:19.778+0000] {subprocess.py:63} INFO - Tmp dir root location: 
 /tmp
[2023-07-26T07:16:19.797+0000] {subprocess.py:75} INFO - Running command: ['/bin/bash', '-c', 'echo "example_bash_operator__runme_1__20230725" && sleep 1']
[2023-07-26T07:16:20.047+0000] {subprocess.py:86} INFO - Output:
[2023-07-26T07:16:21.916+0000] {subprocess.py:93} INFO - example_bash_operator__runme_1__20230725
[2023-07-26T07:16:23.819+0000] {subprocess.py:97} INFO - Command exited with return code 0
[2023-07-26T07:16:25.311+0000] {taskinstance.py:1406} INFO - Marking task as SUCCESS. dag_id=example_bash_operator, task_id=runme_1, execution_date=20230725T000000, start_date=20230726T071615, end_date=20230726T071625
[2023-07-26T07:16:25.947+0000] {local_task_job.py:164} INFO - Task exited with return code 0
[2023-07-26T07:16:28.347+0000] {local_task_job.py:273} INFO - 0 downstream tasks scheduled from follow-on schedule check
