[2023-07-26T09:35:36.960+0000] {taskinstance.py:1165} INFO - Dependencies all met for <TaskInstance: parallel_dag.load_b scheduled__2023-07-25T00:00:00+00:00 [queued]>
[2023-07-26T09:35:36.983+0000] {taskinstance.py:1165} INFO - Dependencies all met for <TaskInstance: parallel_dag.load_b scheduled__2023-07-25T00:00:00+00:00 [queued]>
[2023-07-26T09:35:36.984+0000] {taskinstance.py:1362} INFO - 
--------------------------------------------------------------------------------
[2023-07-26T09:35:36.984+0000] {taskinstance.py:1363} INFO - Starting attempt 1 of 1
[2023-07-26T09:35:36.984+0000] {taskinstance.py:1364} INFO - 
--------------------------------------------------------------------------------
[2023-07-26T09:35:37.011+0000] {taskinstance.py:1383} INFO - Executing <Task(BashOperator): load_b> on 2023-07-25 00:00:00+00:00
[2023-07-26T09:35:37.021+0000] {standard_task_runner.py:55} INFO - Started process 791 to run task
[2023-07-26T09:35:37.025+0000] {standard_task_runner.py:82} INFO - Running: ['***', 'tasks', 'run', 'parallel_dag', 'load_b', 'scheduled__2023-07-25T00:00:00+00:00', '--job-id', '38', '--raw', '--subdir', 'DAGS_FOLDER/parallel_dag.py', '--cfg-path', '/tmp/tmpwlmucpzc']
[2023-07-26T09:35:37.026+0000] {standard_task_runner.py:83} INFO - Job 38: Subtask load_b
[2023-07-26T09:35:37.101+0000] {task_command.py:376} INFO - Running <TaskInstance: parallel_dag.load_b scheduled__2023-07-25T00:00:00+00:00 [running]> on host 77d43041e042
[2023-07-26T09:35:37.182+0000] {taskinstance.py:1592} INFO - Exporting the following env vars:
AIRFLOW_CTX_DAG_OWNER=***
AIRFLOW_CTX_DAG_ID=parallel_dag
AIRFLOW_CTX_TASK_ID=load_b
AIRFLOW_CTX_EXECUTION_DATE=2023-07-25T00:00:00+00:00
AIRFLOW_CTX_TRY_NUMBER=1
AIRFLOW_CTX_DAG_RUN_ID=scheduled__2023-07-25T00:00:00+00:00
[2023-07-26T09:35:37.184+0000] {subprocess.py:63} INFO - Tmp dir root location: 
 /tmp
[2023-07-26T09:35:37.187+0000] {subprocess.py:75} INFO - Running command: ['/bin/bash', '-c', 'sleep 1']
[2023-07-26T09:35:37.205+0000] {subprocess.py:86} INFO - Output:
[2023-07-26T09:35:38.211+0000] {subprocess.py:97} INFO - Command exited with return code 0
[2023-07-26T09:35:38.253+0000] {taskinstance.py:1406} INFO - Marking task as SUCCESS. dag_id=parallel_dag, task_id=load_b, execution_date=20230725T000000, start_date=20230726T093536, end_date=20230726T093538
[2023-07-26T09:35:38.311+0000] {local_task_job.py:164} INFO - Task exited with return code 0
[2023-07-26T09:35:38.361+0000] {local_task_job.py:273} INFO - 1 downstream tasks scheduled from follow-on schedule check
