[2023-07-26T09:42:03.652+0000] {taskinstance.py:1165} INFO - Dependencies all met for <TaskInstance: parallel_dag.extract_a manual__2023-07-26T09:42:01.201413+00:00 [queued]>
[2023-07-26T09:42:03.673+0000] {taskinstance.py:1165} INFO - Dependencies all met for <TaskInstance: parallel_dag.extract_a manual__2023-07-26T09:42:01.201413+00:00 [queued]>
[2023-07-26T09:42:03.673+0000] {taskinstance.py:1362} INFO - 
--------------------------------------------------------------------------------
[2023-07-26T09:42:03.673+0000] {taskinstance.py:1363} INFO - Starting attempt 1 of 1
[2023-07-26T09:42:03.673+0000] {taskinstance.py:1364} INFO - 
--------------------------------------------------------------------------------
[2023-07-26T09:42:03.701+0000] {taskinstance.py:1383} INFO - Executing <Task(BashOperator): extract_a> on 2023-07-26 09:42:01.201413+00:00
[2023-07-26T09:42:03.716+0000] {standard_task_runner.py:55} INFO - Started process 186 to run task
[2023-07-26T09:42:03.725+0000] {standard_task_runner.py:82} INFO - Running: ['***', 'tasks', 'run', 'parallel_dag', 'extract_a', 'manual__2023-07-26T09:42:01.201413+00:00', '--job-id', '50', '--raw', '--subdir', 'DAGS_FOLDER/parallel_dag.py', '--cfg-path', '/tmp/tmpvgvitmsl']
[2023-07-26T09:42:03.726+0000] {standard_task_runner.py:83} INFO - Job 50: Subtask extract_a
[2023-07-26T09:42:03.860+0000] {task_command.py:376} INFO - Running <TaskInstance: parallel_dag.extract_a manual__2023-07-26T09:42:01.201413+00:00 [running]> on host 8dee67db767e
[2023-07-26T09:42:04.087+0000] {taskinstance.py:1592} INFO - Exporting the following env vars:
AIRFLOW_CTX_DAG_OWNER=***
AIRFLOW_CTX_DAG_ID=parallel_dag
AIRFLOW_CTX_TASK_ID=extract_a
AIRFLOW_CTX_EXECUTION_DATE=2023-07-26T09:42:01.201413+00:00
AIRFLOW_CTX_TRY_NUMBER=1
AIRFLOW_CTX_DAG_RUN_ID=manual__2023-07-26T09:42:01.201413+00:00
[2023-07-26T09:42:04.122+0000] {subprocess.py:63} INFO - Tmp dir root location: 
 /tmp
[2023-07-26T09:42:04.124+0000] {subprocess.py:75} INFO - Running command: ['/bin/bash', '-c', 'sleep 1']
[2023-07-26T09:42:04.228+0000] {subprocess.py:86} INFO - Output:
[2023-07-26T09:42:05.271+0000] {subprocess.py:97} INFO - Command exited with return code 0
[2023-07-26T09:42:05.348+0000] {taskinstance.py:1406} INFO - Marking task as SUCCESS. dag_id=parallel_dag, task_id=extract_a, execution_date=20230726T094201, start_date=20230726T094203, end_date=20230726T094205
[2023-07-26T09:42:05.454+0000] {local_task_job.py:164} INFO - Task exited with return code 0
[2023-07-26T09:42:05.522+0000] {local_task_job.py:273} INFO - 0 downstream tasks scheduled from follow-on schedule check
